This file contains any messages produced by compilers while
running configure, to aid debugging if configure makes a mistake.

It was created by pebblesdb configure 1.0.dev, which was
generated by GNU Autoconf 2.69.  Invocation command line was

  $ ./configure 

## --------- ##
## Platform. ##
## --------- ##

hostname = rangau
uname -m = x86_64
uname -r = 4.18.0-15-generic
uname -s = Linux
uname -v = #16~18.04.1-Ubuntu SMP Thu Feb 7 14:06:04 UTC 2019

/usr/bin/uname -p = unknown
/bin/uname -X     = unknown

/bin/arch              = unknown
/usr/bin/arch -k       = unknown
/usr/convex/getsysinfo = unknown
/usr/bin/hostinfo      = unknown
/bin/machine           = unknown
/usr/bin/oslevel       = unknown
/bin/universe          = unknown

PATH: /home/dgauraang/.nvm/versions/node/v11.10.0/bin
PATH: /usr/local/sbin
PATH: /usr/local/bin
PATH: /usr/sbin
PATH: /usr/bin
PATH: /sbin
PATH: /bin
PATH: /usr/games
PATH: /usr/local/games
PATH: /snap/bin


## ----------- ##
## Core tests. ##
## ----------- ##

configure:2605: checking for a BSD-compatible install
configure:2673: result: /usr/bin/install -c
configure:2684: checking whether build environment is sane
configure:2739: result: yes
configure:2890: checking for a thread-safe mkdir -p
configure:2929: result: /bin/mkdir -p
configure:2936: checking for gawk
configure:2966: result: no
configure:2936: checking for mawk
configure:2952: found /usr/bin/mawk
configure:2963: result: mawk
configure:2974: checking whether make sets $(MAKE)
configure:2996: result: yes
configure:3025: checking whether make supports nested variables
configure:3042: result: yes
configure:3179: checking whether make supports nested variables
configure:3196: result: yes
configure:3237: checking build system type
configure:3251: result: x86_64-pc-linux-gnu
configure:3271: checking host system type
configure:3284: result: x86_64-pc-linux-gnu
configure:3325: checking how to print strings
configure:3352: result: printf
configure:3385: checking for style of include used by make
configure:3413: result: GNU
configure:3484: checking for gcc
configure:3500: found /usr/bin/gcc
configure:3511: result: gcc
configure:3740: checking for C compiler version
configure:3749: gcc --version >&5
gcc (Ubuntu 7.3.0-27ubuntu1~18.04) 7.3.0
Copyright (C) 2017 Free Software Foundation, Inc.
This is free software; see the source for copying conditions.  There is NO
warranty; not even for MERCHANTABILITY or FITNESS FOR A PARTICULAR PURPOSE.

configure:3760: $? = 0
configure:3749: gcc -v >&5
Using built-in specs.
COLLECT_GCC=gcc
COLLECT_LTO_WRAPPER=/usr/lib/gcc/x86_64-linux-gnu/7/lto-wrapper
OFFLOAD_TARGET_NAMES=nvptx-none
OFFLOAD_TARGET_DEFAULT=1
Target: x86_64-linux-gnu
Configured with: ../src/configure -v --with-pkgversion='Ubuntu 7.3.0-27ubuntu1~18.04' --with-bugurl=file:///usr/share/doc/gcc-7/README.Bugs --enable-languages=c,ada,c++,go,brig,d,fortran,objc,obj-c++ --prefix=/usr --with-gcc-major-version-only --program-suffix=-7 --program-prefix=x86_64-linux-gnu- --enable-shared --enable-linker-build-id --libexecdir=/usr/lib --without-included-gettext --enable-threads=posix --libdir=/usr/lib --enable-nls --with-sysroot=/ --enable-clocale=gnu --enable-libstdcxx-debug --enable-libstdcxx-time=yes --with-default-libstdcxx-abi=new --enable-gnu-unique-object --disable-vtable-verify --enable-libmpx --enable-plugin --enable-default-pie --with-system-zlib --with-target-system-zlib --enable-objc-gc=auto --enable-multiarch --disable-werror --with-arch-32=i686 --with-abi=m64 --with-multilib-list=m32,m64,mx32 --enable-multilib --with-tune=generic --enable-offload-targets=nvptx-none --without-cuda-driver --enable-checking=release --build=x86_64-linux-gnu --host=x86_64-linux-gnu --target=x86_64-linux-gnu
Thread model: posix
gcc version 7.3.0 (Ubuntu 7.3.0-27ubuntu1~18.04) 
configure:3760: $? = 0
configure:3749: gcc -V >&5
gcc: error: unrecognized command line option '-V'
gcc: fatal error: no input files
compilation terminated.
configure:3760: $? = 1
configure:3749: gcc -qversion >&5
gcc: error: unrecognized command line option '-qversion'; did you mean '--version'?
gcc: fatal error: no input files
compilation terminated.
configure:3760: $? = 1
configure:3780: checking whether the C compiler works
configure:3802: gcc    conftest.c  >&5
configure:3806: $? = 0
configure:3854: result: yes
configure:3857: checking for C compiler default output file name
configure:3859: result: a.out
configure:3865: checking for suffix of executables
configure:3872: gcc -o conftest    conftest.c  >&5
configure:3876: $? = 0
configure:3898: result: 
configure:3920: checking whether we are cross compiling
configure:3928: gcc -o conftest    conftest.c  >&5
configure:3932: $? = 0
configure:3939: ./conftest
configure:3943: $? = 0
configure:3958: result: no
configure:3963: checking for suffix of object files
configure:3985: gcc -c   conftest.c >&5
configure:3989: $? = 0
configure:4010: result: o
configure:4014: checking whether we are using the GNU C compiler
configure:4033: gcc -c   conftest.c >&5
configure:4033: $? = 0
configure:4042: result: yes
configure:4051: checking whether gcc accepts -g
configure:4071: gcc -c -g  conftest.c >&5
configure:4071: $? = 0
configure:4112: result: yes
configure:4129: checking for gcc option to accept ISO C89
configure:4192: gcc  -c -g -O2  conftest.c >&5
configure:4192: $? = 0
configure:4205: result: none needed
configure:4230: checking whether gcc understands -c and -o together
configure:4252: gcc -c conftest.c -o conftest2.o
configure:4255: $? = 0
configure:4252: gcc -c conftest.c -o conftest2.o
configure:4255: $? = 0
configure:4267: result: yes
configure:4286: checking dependency style of gcc
configure:4397: result: gcc3
configure:4412: checking for a sed that does not truncate output
configure:4476: result: /bin/sed
configure:4494: checking for grep that handles long lines and -e
configure:4552: result: /bin/grep
configure:4557: checking for egrep
configure:4619: result: /bin/grep -E
configure:4624: checking for fgrep
configure:4686: result: /bin/grep -F
configure:4721: checking for ld used by gcc
configure:4788: result: /usr/bin/ld
configure:4795: checking if the linker (/usr/bin/ld) is GNU ld
configure:4810: result: yes
configure:4822: checking for BSD- or MS-compatible name lister (nm)
configure:4876: result: /usr/bin/nm -B
configure:5006: checking the name lister (/usr/bin/nm -B) interface
configure:5013: gcc -c -g -O2  conftest.c >&5
configure:5016: /usr/bin/nm -B "conftest.o"
configure:5019: output
0000000000000000 B some_variable
configure:5026: result: BSD nm
configure:5029: checking whether ln -s works
configure:5033: result: yes
configure:5041: checking the maximum length of command line arguments
configure:5172: result: 1572864
configure:5220: checking how to convert x86_64-pc-linux-gnu file names to x86_64-pc-linux-gnu format
configure:5260: result: func_convert_file_noop
configure:5267: checking how to convert x86_64-pc-linux-gnu file names to toolchain format
configure:5287: result: func_convert_file_noop
configure:5294: checking for /usr/bin/ld option to reload object files
configure:5301: result: -r
configure:5375: checking for objdump
configure:5391: found /usr/bin/objdump
configure:5402: result: objdump
configure:5434: checking how to recognize dependent libraries
configure:5634: result: pass_all
configure:5719: checking for dlltool
configure:5749: result: no
configure:5779: checking how to associate runtime and link libraries
configure:5806: result: printf %s\n
configure:5867: checking for ar
configure:5883: found /usr/bin/ar
configure:5894: result: ar
configure:5931: checking for archiver @FILE support
configure:5948: gcc -c -g -O2  conftest.c >&5
configure:5948: $? = 0
configure:5951: ar cru libconftest.a @conftest.lst >&5
ar: `u' modifier ignored since `D' is the default (see `U')
configure:5954: $? = 0
configure:5959: ar cru libconftest.a @conftest.lst >&5
ar: `u' modifier ignored since `D' is the default (see `U')
ar: conftest.o: No such file or directory
configure:5962: $? = 1
configure:5974: result: @
configure:6032: checking for strip
configure:6048: found /usr/bin/strip
configure:6059: result: strip
configure:6131: checking for ranlib
configure:6147: found /usr/bin/ranlib
configure:6158: result: ranlib
configure:6260: checking command to parse /usr/bin/nm -B output from gcc object
configure:6413: gcc -c -g -O2  conftest.c >&5
configure:6416: $? = 0
configure:6420: /usr/bin/nm -B conftest.o \| sed -n -e 's/^.*[ ]\([ABCDGIRSTW][ABCDGIRSTW]*\)[ ][ ]*\([_A-Za-z][_A-Za-z0-9]*\)$/\1 \2 \2/p' | sed '/ __gnu_lto/d' \> conftest.nm
configure:6423: $? = 0
configure:6489: gcc -o conftest -g -O2   conftest.c conftstm.o >&5
configure:6492: $? = 0
configure:6530: result: ok
configure:6577: checking for sysroot
configure:6607: result: no
configure:6614: checking for a working dd
configure:6652: result: /bin/dd
configure:6656: checking how to truncate binary pipes
configure:6671: result: /bin/dd bs=4096 count=1
configure:6807: gcc -c -g -O2  conftest.c >&5
configure:6810: $? = 0
configure:7000: checking for mt
configure:7016: found /bin/mt
configure:7027: result: mt
configure:7050: checking if mt is a manifest tool
configure:7056: mt '-?'
configure:7064: result: no
configure:7741: checking how to run the C preprocessor
configure:7772: gcc -E  conftest.c
configure:7772: $? = 0
configure:7786: gcc -E  conftest.c
conftest.c:11:10: fatal error: ac_nonexistent.h: No such file or directory
 #include <ac_nonexistent.h>
          ^~~~~~~~~~~~~~~~~~
compilation terminated.
configure:7786: $? = 1
configure: failed program was:
| /* confdefs.h */
| #define PACKAGE_NAME "pebblesdb"
| #define PACKAGE_TARNAME "pebblesdb"
| #define PACKAGE_VERSION "1.0.dev"
| #define PACKAGE_STRING "pebblesdb 1.0.dev"
| #define PACKAGE_BUGREPORT "vijay@cs.utexas.edu"
| #define PACKAGE_URL ""
| #define PACKAGE "pebblesdb"
| #define VERSION "1.0.dev"
| /* end confdefs.h.  */
| #include <ac_nonexistent.h>
configure:7811: result: gcc -E
configure:7831: gcc -E  conftest.c
configure:7831: $? = 0
configure:7845: gcc -E  conftest.c
conftest.c:11:10: fatal error: ac_nonexistent.h: No such file or directory
 #include <ac_nonexistent.h>
          ^~~~~~~~~~~~~~~~~~
compilation terminated.
configure:7845: $? = 1
configure: failed program was:
| /* confdefs.h */
| #define PACKAGE_NAME "pebblesdb"
| #define PACKAGE_TARNAME "pebblesdb"
| #define PACKAGE_VERSION "1.0.dev"
| #define PACKAGE_STRING "pebblesdb 1.0.dev"
| #define PACKAGE_BUGREPORT "vijay@cs.utexas.edu"
| #define PACKAGE_URL ""
| #define PACKAGE "pebblesdb"
| #define VERSION "1.0.dev"
| /* end confdefs.h.  */
| #include <ac_nonexistent.h>
configure:7874: checking for ANSI C header files
configure:7894: gcc -c -g -O2  conftest.c >&5
configure:7894: $? = 0
configure:7967: gcc -o conftest -g -O2   conftest.c  >&5
configure:7967: $? = 0
configure:7967: ./conftest
configure:7967: $? = 0
configure:7978: result: yes
configure:7991: checking for sys/types.h
configure:7991: gcc -c -g -O2  conftest.c >&5
configure:7991: $? = 0
configure:7991: result: yes
configure:7991: checking for sys/stat.h
configure:7991: gcc -c -g -O2  conftest.c >&5
configure:7991: $? = 0
configure:7991: result: yes
configure:7991: checking for stdlib.h
configure:7991: gcc -c -g -O2  conftest.c >&5
configure:7991: $? = 0
configure:7991: result: yes
configure:7991: checking for string.h
configure:7991: gcc -c -g -O2  conftest.c >&5
configure:7991: $? = 0
configure:7991: result: yes
configure:7991: checking for memory.h
configure:7991: gcc -c -g -O2  conftest.c >&5
configure:7991: $? = 0
configure:7991: result: yes
configure:7991: checking for strings.h
configure:7991: gcc -c -g -O2  conftest.c >&5
configure:7991: $? = 0
configure:7991: result: yes
configure:7991: checking for inttypes.h
configure:7991: gcc -c -g -O2  conftest.c >&5
configure:7991: $? = 0
configure:7991: result: yes
configure:7991: checking for stdint.h
configure:7991: gcc -c -g -O2  conftest.c >&5
configure:7991: $? = 0
configure:7991: result: yes
configure:7991: checking for unistd.h
configure:7991: gcc -c -g -O2  conftest.c >&5
configure:7991: $? = 0
configure:7991: result: yes
configure:8005: checking for dlfcn.h
configure:8005: gcc -c -g -O2  conftest.c >&5
configure:8005: $? = 0
configure:8005: result: yes
configure:8261: checking for objdir
configure:8276: result: .libs
configure:8540: checking if gcc supports -fno-rtti -fno-exceptions
configure:8558: gcc -c -g -O2  -fno-rtti -fno-exceptions conftest.c >&5
cc1: warning: command line option '-fno-rtti' is valid for C++/ObjC++ but not for C
configure:8562: $? = 0
configure:8575: result: no
configure:8933: checking for gcc option to produce PIC
configure:8940: result: -fPIC -DPIC
configure:8948: checking if gcc PIC flag -fPIC -DPIC works
configure:8966: gcc -c -g -O2  -fPIC -DPIC -DPIC conftest.c >&5
configure:8970: $? = 0
configure:8983: result: yes
configure:9012: checking if gcc static flag -static works
configure:9040: result: yes
configure:9055: checking if gcc supports -c -o file.o
configure:9076: gcc -c -g -O2  -o out/conftest2.o conftest.c >&5
configure:9080: $? = 0
configure:9102: result: yes
configure:9110: checking if gcc supports -c -o file.o
configure:9157: result: yes
configure:9190: checking whether the gcc linker (/usr/bin/ld -m elf_x86_64) supports shared libraries
configure:10453: result: yes
configure:10490: checking whether -lc should be explicitly linked in
configure:10498: gcc -c -g -O2  conftest.c >&5
configure:10501: $? = 0
configure:10516: gcc -shared  -fPIC -DPIC conftest.o  -v -Wl,-soname -Wl,conftest -o conftest 2\>\&1 \| /bin/grep  -lc  \>/dev/null 2\>\&1
configure:10519: $? = 0
configure:10533: result: no
configure:10693: checking dynamic linker characteristics
configure:11274: gcc -o conftest -g -O2   -Wl,-rpath -Wl,/foo conftest.c  >&5
configure:11274: $? = 0
configure:11523: result: GNU/Linux ld.so
configure:11645: checking how to hardcode library paths into programs
configure:11670: result: immediate
configure:12218: checking whether stripping libraries is possible
configure:12223: result: yes
configure:12258: checking if libtool supports shared libraries
configure:12260: result: yes
configure:12263: checking whether to build shared libraries
configure:12288: result: yes
configure:12291: checking whether to build static libraries
configure:12295: result: yes
configure:12396: checking for g++
configure:12412: found /usr/bin/g++
configure:12423: result: g++
configure:12450: checking for C++ compiler version
configure:12459: g++ --version >&5
g++ (Ubuntu 7.3.0-27ubuntu1~18.04) 7.3.0
Copyright (C) 2017 Free Software Foundation, Inc.
This is free software; see the source for copying conditions.  There is NO
warranty; not even for MERCHANTABILITY or FITNESS FOR A PARTICULAR PURPOSE.

configure:12470: $? = 0
configure:12459: g++ -v >&5
Using built-in specs.
COLLECT_GCC=g++
COLLECT_LTO_WRAPPER=/usr/lib/gcc/x86_64-linux-gnu/7/lto-wrapper
OFFLOAD_TARGET_NAMES=nvptx-none
OFFLOAD_TARGET_DEFAULT=1
Target: x86_64-linux-gnu
Configured with: ../src/configure -v --with-pkgversion='Ubuntu 7.3.0-27ubuntu1~18.04' --with-bugurl=file:///usr/share/doc/gcc-7/README.Bugs --enable-languages=c,ada,c++,go,brig,d,fortran,objc,obj-c++ --prefix=/usr --with-gcc-major-version-only --program-suffix=-7 --program-prefix=x86_64-linux-gnu- --enable-shared --enable-linker-build-id --libexecdir=/usr/lib --without-included-gettext --enable-threads=posix --libdir=/usr/lib --enable-nls --with-sysroot=/ --enable-clocale=gnu --enable-libstdcxx-debug --enable-libstdcxx-time=yes --with-default-libstdcxx-abi=new --enable-gnu-unique-object --disable-vtable-verify --enable-libmpx --enable-plugin --enable-default-pie --with-system-zlib --with-target-system-zlib --enable-objc-gc=auto --enable-multiarch --disable-werror --with-arch-32=i686 --with-abi=m64 --with-multilib-list=m32,m64,mx32 --enable-multilib --with-tune=generic --enable-offload-targets=nvptx-none --without-cuda-driver --enable-checking=release --build=x86_64-linux-gnu --host=x86_64-linux-gnu --target=x86_64-linux-gnu
Thread model: posix
gcc version 7.3.0 (Ubuntu 7.3.0-27ubuntu1~18.04) 
configure:12470: $? = 0
configure:12459: g++ -V >&5
g++: error: unrecognized command line option '-V'
g++: fatal error: no input files
compilation terminated.
configure:12470: $? = 1
configure:12459: g++ -qversion >&5
g++: error: unrecognized command line option '-qversion'; did you mean '--version'?
g++: fatal error: no input files
compilation terminated.
configure:12470: $? = 1
configure:12474: checking whether we are using the GNU C++ compiler
configure:12493: g++ -c   conftest.cpp >&5
configure:12493: $? = 0
configure:12502: result: yes
configure:12511: checking whether g++ accepts -g
configure:12531: g++ -c -g  conftest.cpp >&5
configure:12531: $? = 0
configure:12572: result: yes
configure:12597: checking dependency style of g++
configure:12708: result: gcc3
configure:12741: checking how to run the C++ preprocessor
configure:12768: g++ -E  conftest.cpp
configure:12768: $? = 0
configure:12782: g++ -E  conftest.cpp
conftest.cpp:23:10: fatal error: ac_nonexistent.h: No such file or directory
 #include <ac_nonexistent.h>
          ^~~~~~~~~~~~~~~~~~
compilation terminated.
configure:12782: $? = 1
configure: failed program was:
| /* confdefs.h */
| #define PACKAGE_NAME "pebblesdb"
| #define PACKAGE_TARNAME "pebblesdb"
| #define PACKAGE_VERSION "1.0.dev"
| #define PACKAGE_STRING "pebblesdb 1.0.dev"
| #define PACKAGE_BUGREPORT "vijay@cs.utexas.edu"
| #define PACKAGE_URL ""
| #define PACKAGE "pebblesdb"
| #define VERSION "1.0.dev"
| #define STDC_HEADERS 1
| #define HAVE_SYS_TYPES_H 1
| #define HAVE_SYS_STAT_H 1
| #define HAVE_STDLIB_H 1
| #define HAVE_STRING_H 1
| #define HAVE_MEMORY_H 1
| #define HAVE_STRINGS_H 1
| #define HAVE_INTTYPES_H 1
| #define HAVE_STDINT_H 1
| #define HAVE_UNISTD_H 1
| #define HAVE_DLFCN_H 1
| #define LT_OBJDIR ".libs/"
| /* end confdefs.h.  */
| #include <ac_nonexistent.h>
configure:12807: result: g++ -E
configure:12827: g++ -E  conftest.cpp
configure:12827: $? = 0
configure:12841: g++ -E  conftest.cpp
conftest.cpp:23:10: fatal error: ac_nonexistent.h: No such file or directory
 #include <ac_nonexistent.h>
          ^~~~~~~~~~~~~~~~~~
compilation terminated.
configure:12841: $? = 1
configure: failed program was:
| /* confdefs.h */
| #define PACKAGE_NAME "pebblesdb"
| #define PACKAGE_TARNAME "pebblesdb"
| #define PACKAGE_VERSION "1.0.dev"
| #define PACKAGE_STRING "pebblesdb 1.0.dev"
| #define PACKAGE_BUGREPORT "vijay@cs.utexas.edu"
| #define PACKAGE_URL ""
| #define PACKAGE "pebblesdb"
| #define VERSION "1.0.dev"
| #define STDC_HEADERS 1
| #define HAVE_SYS_TYPES_H 1
| #define HAVE_SYS_STAT_H 1
| #define HAVE_STDLIB_H 1
| #define HAVE_STRING_H 1
| #define HAVE_MEMORY_H 1
| #define HAVE_STRINGS_H 1
| #define HAVE_INTTYPES_H 1
| #define HAVE_STDINT_H 1
| #define HAVE_UNISTD_H 1
| #define HAVE_DLFCN_H 1
| #define LT_OBJDIR ".libs/"
| /* end confdefs.h.  */
| #include <ac_nonexistent.h>
configure:13003: checking for ld used by g++
configure:13070: result: /usr/bin/ld -m elf_x86_64
configure:13077: checking if the linker (/usr/bin/ld -m elf_x86_64) is GNU ld
configure:13092: result: yes
configure:13147: checking whether the g++ linker (/usr/bin/ld -m elf_x86_64) supports shared libraries
configure:14220: result: yes
configure:14256: g++ -c -g -O2  conftest.cpp >&5
configure:14259: $? = 0
configure:14740: checking for g++ option to produce PIC
configure:14747: result: -fPIC -DPIC
configure:14755: checking if g++ PIC flag -fPIC -DPIC works
configure:14773: g++ -c -g -O2  -fPIC -DPIC -DPIC conftest.cpp >&5
configure:14777: $? = 0
configure:14790: result: yes
configure:14813: checking if g++ static flag -static works
configure:14841: result: yes
configure:14853: checking if g++ supports -c -o file.o
configure:14874: g++ -c -g -O2  -o out/conftest2.o conftest.cpp >&5
configure:14878: $? = 0
configure:14900: result: yes
configure:14905: checking if g++ supports -c -o file.o
configure:14952: result: yes
configure:14982: checking whether the g++ linker (/usr/bin/ld -m elf_x86_64) supports shared libraries
configure:15025: result: yes
configure:15166: checking dynamic linker characteristics
configure:15923: result: GNU/Linux ld.so
configure:15988: checking how to hardcode library paths into programs
configure:16013: result: immediate
configure:16101: checking for gcc
configure:16128: result: gcc
configure:16357: checking for C compiler version
configure:16366: gcc --version >&5
gcc (Ubuntu 7.3.0-27ubuntu1~18.04) 7.3.0
Copyright (C) 2017 Free Software Foundation, Inc.
This is free software; see the source for copying conditions.  There is NO
warranty; not even for MERCHANTABILITY or FITNESS FOR A PARTICULAR PURPOSE.

configure:16377: $? = 0
configure:16366: gcc -v >&5
Using built-in specs.
COLLECT_GCC=gcc
COLLECT_LTO_WRAPPER=/usr/lib/gcc/x86_64-linux-gnu/7/lto-wrapper
OFFLOAD_TARGET_NAMES=nvptx-none
OFFLOAD_TARGET_DEFAULT=1
Target: x86_64-linux-gnu
Configured with: ../src/configure -v --with-pkgversion='Ubuntu 7.3.0-27ubuntu1~18.04' --with-bugurl=file:///usr/share/doc/gcc-7/README.Bugs --enable-languages=c,ada,c++,go,brig,d,fortran,objc,obj-c++ --prefix=/usr --with-gcc-major-version-only --program-suffix=-7 --program-prefix=x86_64-linux-gnu- --enable-shared --enable-linker-build-id --libexecdir=/usr/lib --without-included-gettext --enable-threads=posix --libdir=/usr/lib --enable-nls --with-sysroot=/ --enable-clocale=gnu --enable-libstdcxx-debug --enable-libstdcxx-time=yes --with-default-libstdcxx-abi=new --enable-gnu-unique-object --disable-vtable-verify --enable-libmpx --enable-plugin --enable-default-pie --with-system-zlib --with-target-system-zlib --enable-objc-gc=auto --enable-multiarch --disable-werror --with-arch-32=i686 --with-abi=m64 --with-multilib-list=m32,m64,mx32 --enable-multilib --with-tune=generic --enable-offload-targets=nvptx-none --without-cuda-driver --enable-checking=release --build=x86_64-linux-gnu --host=x86_64-linux-gnu --target=x86_64-linux-gnu
Thread model: posix
gcc version 7.3.0 (Ubuntu 7.3.0-27ubuntu1~18.04) 
configure:16377: $? = 0
configure:16366: gcc -V >&5
gcc: error: unrecognized command line option '-V'
gcc: fatal error: no input files
compilation terminated.
configure:16377: $? = 1
configure:16366: gcc -qversion >&5
gcc: error: unrecognized command line option '-qversion'; did you mean '--version'?
gcc: fatal error: no input files
compilation terminated.
configure:16377: $? = 1
configure:16381: checking whether we are using the GNU C compiler
configure:16409: result: yes
configure:16418: checking whether gcc accepts -g
configure:16479: result: yes
configure:16496: checking for gcc option to accept ISO C89
configure:16572: result: none needed
configure:16597: checking whether gcc understands -c and -o together
configure:16634: result: yes
configure:16653: checking dependency style of gcc
configure:16764: result: gcc3
configure:19262: checking whether C++ compiler accepts -fno-builtin-memcmp
configure:19281: g++ -c -g -O2  -fno-builtin-memcmp  conftest.cpp >&5
configure:19281: $? = 0
configure:19289: result: yes
configure:19297: checking whether C++ compiler accepts -fno-builtin-memmove
configure:19316: g++ -c -g -O2  -fno-builtin-memmove  conftest.cpp >&5
configure:19316: $? = 0
configure:19324: result: yes
configure:19332: checking whether C++ compiler accepts -Qunused-arguments
configure:19351: g++ -c -g -O2  -Qunused-arguments  conftest.cpp >&5
g++: error: unrecognized command line option '-Qunused-arguments'; did you mean '-Wunused-parameter'?
configure:19351: $? = 1
configure: failed program was:
| /* confdefs.h */
| #define PACKAGE_NAME "pebblesdb"
| #define PACKAGE_TARNAME "pebblesdb"
| #define PACKAGE_VERSION "1.0.dev"
| #define PACKAGE_STRING "pebblesdb 1.0.dev"
| #define PACKAGE_BUGREPORT "vijay@cs.utexas.edu"
| #define PACKAGE_URL ""
| #define PACKAGE "pebblesdb"
| #define VERSION "1.0.dev"
| #define STDC_HEADERS 1
| #define HAVE_SYS_TYPES_H 1
| #define HAVE_SYS_STAT_H 1
| #define HAVE_STDLIB_H 1
| #define HAVE_STRING_H 1
| #define HAVE_MEMORY_H 1
| #define HAVE_STRINGS_H 1
| #define HAVE_INTTYPES_H 1
| #define HAVE_STDINT_H 1
| #define HAVE_UNISTD_H 1
| #define HAVE_DLFCN_H 1
| #define LT_OBJDIR ".libs/"
| /* end confdefs.h.  */
| 
| int
| main ()
| {
| 
|   ;
|   return 0;
| }
configure:19359: result: no
configure:19378: checking endian.h usability
configure:19378: g++ -c -g -O2  conftest.cpp >&5
configure:19378: $? = 0
configure:19378: result: yes
configure:19378: checking endian.h presence
configure:19378: g++ -E  conftest.cpp
configure:19378: $? = 0
configure:19378: result: yes
configure:19378: checking for endian.h
configure:19378: result: yes
configure:19378: checking machine/endian.h usability
configure:19378: g++ -c -g -O2  conftest.cpp >&5
conftest.cpp:57:10: fatal error: machine/endian.h: No such file or directory
 #include <machine/endian.h>
          ^~~~~~~~~~~~~~~~~~
compilation terminated.
configure:19378: $? = 1
configure: failed program was:
| /* confdefs.h */
| #define PACKAGE_NAME "pebblesdb"
| #define PACKAGE_TARNAME "pebblesdb"
| #define PACKAGE_VERSION "1.0.dev"
| #define PACKAGE_STRING "pebblesdb 1.0.dev"
| #define PACKAGE_BUGREPORT "vijay@cs.utexas.edu"
| #define PACKAGE_URL ""
| #define PACKAGE "pebblesdb"
| #define VERSION "1.0.dev"
| #define STDC_HEADERS 1
| #define HAVE_SYS_TYPES_H 1
| #define HAVE_SYS_STAT_H 1
| #define HAVE_STDLIB_H 1
| #define HAVE_STRING_H 1
| #define HAVE_MEMORY_H 1
| #define HAVE_STRINGS_H 1
| #define HAVE_INTTYPES_H 1
| #define HAVE_STDINT_H 1
| #define HAVE_UNISTD_H 1
| #define HAVE_DLFCN_H 1
| #define LT_OBJDIR ".libs/"
| #define HAVE_ENDIAN_H 1
| /* end confdefs.h.  */
| #include <stdio.h>
| #ifdef HAVE_SYS_TYPES_H
| # include <sys/types.h>
| #endif
| #ifdef HAVE_SYS_STAT_H
| # include <sys/stat.h>
| #endif
| #ifdef STDC_HEADERS
| # include <stdlib.h>
| # include <stddef.h>
| #else
| # ifdef HAVE_STDLIB_H
| #  include <stdlib.h>
| # endif
| #endif
| #ifdef HAVE_STRING_H
| # if !defined STDC_HEADERS && defined HAVE_MEMORY_H
| #  include <memory.h>
| # endif
| # include <string.h>
| #endif
| #ifdef HAVE_STRINGS_H
| # include <strings.h>
| #endif
| #ifdef HAVE_INTTYPES_H
| # include <inttypes.h>
| #endif
| #ifdef HAVE_STDINT_H
| # include <stdint.h>
| #endif
| #ifdef HAVE_UNISTD_H
| # include <unistd.h>
| #endif
| #include <machine/endian.h>
configure:19378: result: no
configure:19378: checking machine/endian.h presence
configure:19378: g++ -E  conftest.cpp
conftest.cpp:24:10: fatal error: machine/endian.h: No such file or directory
 #include <machine/endian.h>
          ^~~~~~~~~~~~~~~~~~
compilation terminated.
configure:19378: $? = 1
configure: failed program was:
| /* confdefs.h */
| #define PACKAGE_NAME "pebblesdb"
| #define PACKAGE_TARNAME "pebblesdb"
| #define PACKAGE_VERSION "1.0.dev"
| #define PACKAGE_STRING "pebblesdb 1.0.dev"
| #define PACKAGE_BUGREPORT "vijay@cs.utexas.edu"
| #define PACKAGE_URL ""
| #define PACKAGE "pebblesdb"
| #define VERSION "1.0.dev"
| #define STDC_HEADERS 1
| #define HAVE_SYS_TYPES_H 1
| #define HAVE_SYS_STAT_H 1
| #define HAVE_STDLIB_H 1
| #define HAVE_STRING_H 1
| #define HAVE_MEMORY_H 1
| #define HAVE_STRINGS_H 1
| #define HAVE_INTTYPES_H 1
| #define HAVE_STDINT_H 1
| #define HAVE_UNISTD_H 1
| #define HAVE_DLFCN_H 1
| #define LT_OBJDIR ".libs/"
| #define HAVE_ENDIAN_H 1
| /* end confdefs.h.  */
| #include <machine/endian.h>
configure:19378: result: no
configure:19378: checking for machine/endian.h
configure:19378: result: no
configure:19378: checking sys/endian.h usability
configure:19378: g++ -c -g -O2  conftest.cpp >&5
conftest.cpp:57:10: fatal error: sys/endian.h: No such file or directory
 #include <sys/endian.h>
          ^~~~~~~~~~~~~~
compilation terminated.
configure:19378: $? = 1
configure: failed program was:
| /* confdefs.h */
| #define PACKAGE_NAME "pebblesdb"
| #define PACKAGE_TARNAME "pebblesdb"
| #define PACKAGE_VERSION "1.0.dev"
| #define PACKAGE_STRING "pebblesdb 1.0.dev"
| #define PACKAGE_BUGREPORT "vijay@cs.utexas.edu"
| #define PACKAGE_URL ""
| #define PACKAGE "pebblesdb"
| #define VERSION "1.0.dev"
| #define STDC_HEADERS 1
| #define HAVE_SYS_TYPES_H 1
| #define HAVE_SYS_STAT_H 1
| #define HAVE_STDLIB_H 1
| #define HAVE_STRING_H 1
| #define HAVE_MEMORY_H 1
| #define HAVE_STRINGS_H 1
| #define HAVE_INTTYPES_H 1
| #define HAVE_STDINT_H 1
| #define HAVE_UNISTD_H 1
| #define HAVE_DLFCN_H 1
| #define LT_OBJDIR ".libs/"
| #define HAVE_ENDIAN_H 1
| /* end confdefs.h.  */
| #include <stdio.h>
| #ifdef HAVE_SYS_TYPES_H
| # include <sys/types.h>
| #endif
| #ifdef HAVE_SYS_STAT_H
| # include <sys/stat.h>
| #endif
| #ifdef STDC_HEADERS
| # include <stdlib.h>
| # include <stddef.h>
| #else
| # ifdef HAVE_STDLIB_H
| #  include <stdlib.h>
| # endif
| #endif
| #ifdef HAVE_STRING_H
| # if !defined STDC_HEADERS && defined HAVE_MEMORY_H
| #  include <memory.h>
| # endif
| # include <string.h>
| #endif
| #ifdef HAVE_STRINGS_H
| # include <strings.h>
| #endif
| #ifdef HAVE_INTTYPES_H
| # include <inttypes.h>
| #endif
| #ifdef HAVE_STDINT_H
| # include <stdint.h>
| #endif
| #ifdef HAVE_UNISTD_H
| # include <unistd.h>
| #endif
| #include <sys/endian.h>
configure:19378: result: no
configure:19378: checking sys/endian.h presence
configure:19378: g++ -E  conftest.cpp
conftest.cpp:24:10: fatal error: sys/endian.h: No such file or directory
 #include <sys/endian.h>
          ^~~~~~~~~~~~~~
compilation terminated.
configure:19378: $? = 1
configure: failed program was:
| /* confdefs.h */
| #define PACKAGE_NAME "pebblesdb"
| #define PACKAGE_TARNAME "pebblesdb"
| #define PACKAGE_VERSION "1.0.dev"
| #define PACKAGE_STRING "pebblesdb 1.0.dev"
| #define PACKAGE_BUGREPORT "vijay@cs.utexas.edu"
| #define PACKAGE_URL ""
| #define PACKAGE "pebblesdb"
| #define VERSION "1.0.dev"
| #define STDC_HEADERS 1
| #define HAVE_SYS_TYPES_H 1
| #define HAVE_SYS_STAT_H 1
| #define HAVE_STDLIB_H 1
| #define HAVE_STRING_H 1
| #define HAVE_MEMORY_H 1
| #define HAVE_STRINGS_H 1
| #define HAVE_INTTYPES_H 1
| #define HAVE_STDINT_H 1
| #define HAVE_UNISTD_H 1
| #define HAVE_DLFCN_H 1
| #define LT_OBJDIR ".libs/"
| #define HAVE_ENDIAN_H 1
| /* end confdefs.h.  */
| #include <sys/endian.h>
configure:19378: result: no
configure:19378: checking for sys/endian.h
configure:19378: result: no
configure:19378: checking sys/isa_defs.h usability
configure:19378: g++ -c -g -O2  conftest.cpp >&5
conftest.cpp:57:10: fatal error: sys/isa_defs.h: No such file or directory
 #include <sys/isa_defs.h>
          ^~~~~~~~~~~~~~~~
compilation terminated.
configure:19378: $? = 1
configure: failed program was:
| /* confdefs.h */
| #define PACKAGE_NAME "pebblesdb"
| #define PACKAGE_TARNAME "pebblesdb"
| #define PACKAGE_VERSION "1.0.dev"
| #define PACKAGE_STRING "pebblesdb 1.0.dev"
| #define PACKAGE_BUGREPORT "vijay@cs.utexas.edu"
| #define PACKAGE_URL ""
| #define PACKAGE "pebblesdb"
| #define VERSION "1.0.dev"
| #define STDC_HEADERS 1
| #define HAVE_SYS_TYPES_H 1
| #define HAVE_SYS_STAT_H 1
| #define HAVE_STDLIB_H 1
| #define HAVE_STRING_H 1
| #define HAVE_MEMORY_H 1
| #define HAVE_STRINGS_H 1
| #define HAVE_INTTYPES_H 1
| #define HAVE_STDINT_H 1
| #define HAVE_UNISTD_H 1
| #define HAVE_DLFCN_H 1
| #define LT_OBJDIR ".libs/"
| #define HAVE_ENDIAN_H 1
| /* end confdefs.h.  */
| #include <stdio.h>
| #ifdef HAVE_SYS_TYPES_H
| # include <sys/types.h>
| #endif
| #ifdef HAVE_SYS_STAT_H
| # include <sys/stat.h>
| #endif
| #ifdef STDC_HEADERS
| # include <stdlib.h>
| # include <stddef.h>
| #else
| # ifdef HAVE_STDLIB_H
| #  include <stdlib.h>
| # endif
| #endif
| #ifdef HAVE_STRING_H
| # if !defined STDC_HEADERS && defined HAVE_MEMORY_H
| #  include <memory.h>
| # endif
| # include <string.h>
| #endif
| #ifdef HAVE_STRINGS_H
| # include <strings.h>
| #endif
| #ifdef HAVE_INTTYPES_H
| # include <inttypes.h>
| #endif
| #ifdef HAVE_STDINT_H
| # include <stdint.h>
| #endif
| #ifdef HAVE_UNISTD_H
| # include <unistd.h>
| #endif
| #include <sys/isa_defs.h>
configure:19378: result: no
configure:19378: checking sys/isa_defs.h presence
configure:19378: g++ -E  conftest.cpp
conftest.cpp:24:10: fatal error: sys/isa_defs.h: No such file or directory
 #include <sys/isa_defs.h>
          ^~~~~~~~~~~~~~~~
compilation terminated.
configure:19378: $? = 1
configure: failed program was:
| /* confdefs.h */
| #define PACKAGE_NAME "pebblesdb"
| #define PACKAGE_TARNAME "pebblesdb"
| #define PACKAGE_VERSION "1.0.dev"
| #define PACKAGE_STRING "pebblesdb 1.0.dev"
| #define PACKAGE_BUGREPORT "vijay@cs.utexas.edu"
| #define PACKAGE_URL ""
| #define PACKAGE "pebblesdb"
| #define VERSION "1.0.dev"
| #define STDC_HEADERS 1
| #define HAVE_SYS_TYPES_H 1
| #define HAVE_SYS_STAT_H 1
| #define HAVE_STDLIB_H 1
| #define HAVE_STRING_H 1
| #define HAVE_MEMORY_H 1
| #define HAVE_STRINGS_H 1
| #define HAVE_INTTYPES_H 1
| #define HAVE_STDINT_H 1
| #define HAVE_UNISTD_H 1
| #define HAVE_DLFCN_H 1
| #define LT_OBJDIR ".libs/"
| #define HAVE_ENDIAN_H 1
| /* end confdefs.h.  */
| #include <sys/isa_defs.h>
configure:19378: result: no
configure:19378: checking for sys/isa_defs.h
configure:19378: result: no
configure:19378: checking for sys/types.h
configure:19378: result: yes
configure:19392: checking for error_at_line
configure:19408: g++ -o conftest -g -O2   conftest.cpp  >&5
configure:19408: $? = 0
configure:19416: result: yes
configure:19433: checking for stdlib.h
configure:19433: result: yes
configure:19433: checking for unistd.h
configure:19433: result: yes
configure:19433: checking for sys/param.h
configure:19433: g++ -c -g -O2  conftest.cpp >&5
configure:19433: $? = 0
configure:19433: result: yes
configure:19453: checking for getpagesize
configure:19453: g++ -o conftest -g -O2   conftest.cpp  >&5
configure:19453: $? = 0
configure:19453: result: yes
configure:19462: checking for working mmap
configure:19611: g++ -o conftest -g -O2   conftest.cpp  >&5
configure:19611: $? = 0
configure:19611: ./conftest
configure:19611: $? = 0
configure:19621: result: yes
configure:19633: checking for alarm
configure:19633: g++ -o conftest -g -O2   conftest.cpp  >&5
configure:19633: $? = 0
configure:19633: result: yes
configure:19633: checking for clock_gettime
configure:19633: g++ -o conftest -g -O2   conftest.cpp  >&5
configure:19633: $? = 0
configure:19633: result: yes
configure:19633: checking for mach_absolute_time
configure:19633: g++ -o conftest -g -O2   conftest.cpp  >&5
/tmp/ccGwhslF.o: In function `main':
/home/dgauraang/Downloads/pebbles/pebblesdb/src/conftest.cpp:66: undefined reference to `mach_absolute_time'
collect2: error: ld returned 1 exit status
configure:19633: $? = 1
configure: failed program was:
| /* confdefs.h */
| #define PACKAGE_NAME "pebblesdb"
| #define PACKAGE_TARNAME "pebblesdb"
| #define PACKAGE_VERSION "1.0.dev"
| #define PACKAGE_STRING "pebblesdb 1.0.dev"
| #define PACKAGE_BUGREPORT "vijay@cs.utexas.edu"
| #define PACKAGE_URL ""
| #define PACKAGE "pebblesdb"
| #define VERSION "1.0.dev"
| #define STDC_HEADERS 1
| #define HAVE_SYS_TYPES_H 1
| #define HAVE_SYS_STAT_H 1
| #define HAVE_STDLIB_H 1
| #define HAVE_STRING_H 1
| #define HAVE_MEMORY_H 1
| #define HAVE_STRINGS_H 1
| #define HAVE_INTTYPES_H 1
| #define HAVE_STDINT_H 1
| #define HAVE_UNISTD_H 1
| #define HAVE_DLFCN_H 1
| #define LT_OBJDIR ".libs/"
| #define HAVE_ENDIAN_H 1
| #define HAVE_SYS_TYPES_H 1
| #define HAVE_STDLIB_H 1
| #define HAVE_UNISTD_H 1
| #define HAVE_SYS_PARAM_H 1
| #define HAVE_GETPAGESIZE 1
| #define HAVE_MMAP 1
| #define HAVE_ALARM 1
| #define HAVE_CLOCK_GETTIME 1
| /* end confdefs.h.  */
| /* Define mach_absolute_time to an innocuous variant, in case <limits.h> declares mach_absolute_time.
|    For example, HP-UX 11i <limits.h> declares gettimeofday.  */
| #define mach_absolute_time innocuous_mach_absolute_time
| 
| /* System header to define __stub macros and hopefully few prototypes,
|     which can conflict with char mach_absolute_time (); below.
|     Prefer <limits.h> to <assert.h> if __STDC__ is defined, since
|     <limits.h> exists even on freestanding compilers.  */
| 
| #ifdef __STDC__
| # include <limits.h>
| #else
| # include <assert.h>
| #endif
| 
| #undef mach_absolute_time
| 
| /* Override any GCC internal prototype to avoid an error.
|    Use char because int might match the return type of a GCC
|    builtin and then its argument prototype would still apply.  */
| #ifdef __cplusplus
| extern "C"
| #endif
| char mach_absolute_time ();
| /* The GNU C library defines this for functions which it implements
|     to always fail with ENOSYS.  Some functions are actually named
|     something starting with __ and the normal name is an alias.  */
| #if defined __stub_mach_absolute_time || defined __stub___mach_absolute_time
| choke me
| #endif
| 
| int
| main ()
| {
| return mach_absolute_time ();
|   ;
|   return 0;
| }
configure:19633: result: no
configure:19633: checking for ftruncate
configure:19633: g++ -o conftest -g -O2   conftest.cpp  >&5
configure:19633: $? = 0
configure:19633: result: yes
configure:19633: checking for fsync
configure:19633: g++ -o conftest -g -O2   conftest.cpp  >&5
configure:19633: $? = 0
configure:19633: result: yes
configure:19645: checking for fread
configure:19645: g++ -o conftest -g -O2   conftest.cpp  >&5
configure:19645: $? = 0
configure:19645: result: yes
configure:19645: checking for fread_unlocked
configure:19645: g++ -o conftest -g -O2   conftest.cpp  >&5
configure:19645: $? = 0
configure:19645: result: yes
configure:19645: checking for fwrite
configure:19645: g++ -o conftest -g -O2   conftest.cpp  >&5
conftest.cpp:59:6: warning: declaration of 'char fwrite()' conflicts with built-in declaration 'long unsigned int fwrite(const void*, long unsigned int, long unsigned int, void*)' [-Wbuiltin-declaration-mismatch]
 char fwrite ();
      ^~~~~~
configure:19645: $? = 0
configure:19645: result: yes
configure:19645: checking for fwrite_unlocked
configure:19645: g++ -o conftest -g -O2   conftest.cpp  >&5
conftest.cpp:60:6: warning: declaration of 'char fwrite_unlocked()' conflicts with built-in declaration 'long unsigned int fwrite_unlocked(const void*, long unsigned int, long unsigned int, void*)' [-Wbuiltin-declaration-mismatch]
 char fwrite_unlocked ();
      ^~~~~~~~~~~~~~~
configure:19645: $? = 0
configure:19645: result: yes
configure:19645: checking for fflush
configure:19645: g++ -o conftest -g -O2   conftest.cpp  >&5
configure:19645: $? = 0
configure:19645: result: yes
configure:19657: checking for fflush_unlocked
configure:19657: g++ -o conftest -g -O2   conftest.cpp  >&5
configure:19657: $? = 0
configure:19657: result: yes
configure:19657: checking for memmove
configure:19657: g++ -o conftest -g -O2   conftest.cpp  >&5
conftest.cpp:63:6: warning: declaration of 'char memmove()' conflicts with built-in declaration 'void* memmove(void*, const void*, long unsigned int)' [-Wbuiltin-declaration-mismatch]
 char memmove ();
      ^~~~~~~
configure:19657: $? = 0
configure:19657: result: yes
configure:19657: checking for mkdir
configure:19657: g++ -o conftest -g -O2   conftest.cpp  >&5
configure:19657: $? = 0
configure:19657: result: yes
configure:19657: checking for munmap
configure:19657: g++ -o conftest -g -O2   conftest.cpp  >&5
configure:19657: $? = 0
configure:19657: result: yes
configure:19657: checking for rmdir
configure:19657: g++ -o conftest -g -O2   conftest.cpp  >&5
configure:19657: $? = 0
configure:19657: result: yes
configure:19657: checking for socket
configure:19657: g++ -o conftest -g -O2   conftest.cpp  >&5
configure:19657: $? = 0
configure:19657: result: yes
configure:19666: checking whether fdatasync is declared
configure:19666: g++ -c -g -O2  conftest.cpp >&5
configure:19666: $? = 0
configure:19666: result: yes
configure:19681: checking for snappy_compress in -lsnappy
configure:19706: g++ -o conftest -g -O2   conftest.cpp -lsnappy   >&5
configure:19706: $? = 0
configure:19715: result: yes
configure:19723: checking snappy.h usability
configure:19723: g++ -c -g -O2  conftest.cpp >&5
configure:19723: $? = 0
configure:19723: result: yes
configure:19723: checking snappy.h presence
configure:19723: g++ -E  conftest.cpp
configure:19723: $? = 0
configure:19723: result: yes
configure:19723: checking for snappy.h
configure:19723: result: yes
configure:19881: checking that generated files are newer than configure
configure:19887: result: done
configure:19918: creating ./config.status

## ---------------------- ##
## Running config.status. ##
## ---------------------- ##

This file was extended by pebblesdb config.status 1.0.dev, which was
generated by GNU Autoconf 2.69.  Invocation command line was

  CONFIG_FILES    = 
  CONFIG_HEADERS  = 
  CONFIG_LINKS    = 
  CONFIG_COMMANDS = 
  $ ./config.status 

on rangau

config.status:1176: creating Makefile
config.status:1176: creating libpebblesdb.pc
config.status:1176: creating config.h
config.status:1405: executing depfiles commands
config.status:1405: executing libtool commands

## ---------------- ##
## Cache variables. ##
## ---------------- ##

ac_cv_build=x86_64-pc-linux-gnu
ac_cv_c_compiler_gnu=yes
ac_cv_cxx_compiler_gnu=yes
ac_cv_env_CCC_set=
ac_cv_env_CCC_value=
ac_cv_env_CC_set=
ac_cv_env_CC_value=
ac_cv_env_CFLAGS_set=
ac_cv_env_CFLAGS_value=
ac_cv_env_CPPFLAGS_set=
ac_cv_env_CPPFLAGS_value=
ac_cv_env_CPP_set=
ac_cv_env_CPP_value=
ac_cv_env_CXXCPP_set=
ac_cv_env_CXXCPP_value=
ac_cv_env_CXXFLAGS_set=
ac_cv_env_CXXFLAGS_value=
ac_cv_env_CXX_set=
ac_cv_env_CXX_value=
ac_cv_env_LDFLAGS_set=
ac_cv_env_LDFLAGS_value=
ac_cv_env_LIBS_set=
ac_cv_env_LIBS_value=
ac_cv_env_LT_SYS_LIBRARY_PATH_set=
ac_cv_env_LT_SYS_LIBRARY_PATH_value=
ac_cv_env_build_alias_set=
ac_cv_env_build_alias_value=
ac_cv_env_host_alias_set=
ac_cv_env_host_alias_value=
ac_cv_env_target_alias_set=
ac_cv_env_target_alias_value=
ac_cv_func_alarm=yes
ac_cv_func_clock_gettime=yes
ac_cv_func_fflush=yes
ac_cv_func_fflush_unlocked=yes
ac_cv_func_fread=yes
ac_cv_func_fread_unlocked=yes
ac_cv_func_fsync=yes
ac_cv_func_ftruncate=yes
ac_cv_func_fwrite=yes
ac_cv_func_fwrite_unlocked=yes
ac_cv_func_getpagesize=yes
ac_cv_func_mach_absolute_time=no
ac_cv_func_memmove=yes
ac_cv_func_mkdir=yes
ac_cv_func_mmap_fixed_mapped=yes
ac_cv_func_munmap=yes
ac_cv_func_rmdir=yes
ac_cv_func_socket=yes
ac_cv_have_decl_fdatasync=yes
ac_cv_header_dlfcn_h=yes
ac_cv_header_endian_h=yes
ac_cv_header_inttypes_h=yes
ac_cv_header_machine_endian_h=no
ac_cv_header_memory_h=yes
ac_cv_header_snappy_h=yes
ac_cv_header_stdc=yes
ac_cv_header_stdint_h=yes
ac_cv_header_stdlib_h=yes
ac_cv_header_string_h=yes
ac_cv_header_strings_h=yes
ac_cv_header_sys_endian_h=no
ac_cv_header_sys_isa_defs_h=no
ac_cv_header_sys_param_h=yes
ac_cv_header_sys_stat_h=yes
ac_cv_header_sys_types_h=yes
ac_cv_header_unistd_h=yes
ac_cv_host=x86_64-pc-linux-gnu
ac_cv_lib_error_at_line=yes
ac_cv_lib_snappy_snappy_compress=yes
ac_cv_objext=o
ac_cv_path_EGREP='/bin/grep -E'
ac_cv_path_FGREP='/bin/grep -F'
ac_cv_path_GREP=/bin/grep
ac_cv_path_SED=/bin/sed
ac_cv_path_install='/usr/bin/install -c'
ac_cv_path_lt_DD=/bin/dd
ac_cv_path_mkdir=/bin/mkdir
ac_cv_prog_AWK=mawk
ac_cv_prog_CPP='gcc -E'
ac_cv_prog_CXXCPP='g++ -E'
ac_cv_prog_ac_ct_AR=ar
ac_cv_prog_ac_ct_CC=gcc
ac_cv_prog_ac_ct_CXX=g++
ac_cv_prog_ac_ct_MANIFEST_TOOL=mt
ac_cv_prog_ac_ct_OBJDUMP=objdump
ac_cv_prog_ac_ct_RANLIB=ranlib
ac_cv_prog_ac_ct_STRIP=strip
ac_cv_prog_cc_c89=
ac_cv_prog_cc_g=yes
ac_cv_prog_cxx_g=yes
ac_cv_prog_make_make_set=yes
am_cv_CC_dependencies_compiler_type=gcc3
am_cv_CXX_dependencies_compiler_type=gcc3
am_cv_make_support_nested_variables=yes
am_cv_prog_cc_c_o=yes
ax_cv_check_cxxflags___Qunused_arguments=no
ax_cv_check_cxxflags___fno_builtin_memcmp=yes
ax_cv_check_cxxflags___fno_builtin_memmove=yes
lt_cv_ar_at_file=@
lt_cv_archive_cmds_need_lc=no
lt_cv_deplibs_check_method=pass_all
lt_cv_file_magic_cmd='$MAGIC_CMD'
lt_cv_file_magic_test_file=
lt_cv_ld_reload_flag=-r
lt_cv_nm_interface='BSD nm'
lt_cv_objdir=.libs
lt_cv_path_LD=/usr/bin/ld
lt_cv_path_LDCXX='/usr/bin/ld -m elf_x86_64'
lt_cv_path_NM='/usr/bin/nm -B'
lt_cv_path_mainfest_tool=no
lt_cv_prog_compiler_c_o=yes
lt_cv_prog_compiler_c_o_CXX=yes
lt_cv_prog_compiler_pic='-fPIC -DPIC'
lt_cv_prog_compiler_pic_CXX='-fPIC -DPIC'
lt_cv_prog_compiler_pic_works=yes
lt_cv_prog_compiler_pic_works_CXX=yes
lt_cv_prog_compiler_rtti_exceptions=no
lt_cv_prog_compiler_static_works=yes
lt_cv_prog_compiler_static_works_CXX=yes
lt_cv_prog_gnu_ld=yes
lt_cv_prog_gnu_ldcxx=yes
lt_cv_sharedlib_from_linklib_cmd='printf %s\n'
lt_cv_shlibpath_overrides_runpath=yes
lt_cv_sys_global_symbol_pipe='sed -n -e '\''s/^.*[	 ]\([ABCDGIRSTW][ABCDGIRSTW]*\)[	 ][	 ]*\([_A-Za-z][_A-Za-z0-9]*\)$/\1 \2 \2/p'\'' | sed '\''/ __gnu_lto/d'\'''
lt_cv_sys_global_symbol_to_c_name_address='sed -n -e '\''s/^: \(.*\) .*$/  {"\1", (void *) 0},/p'\'' -e '\''s/^[ABCDGIRSTW][ABCDGIRSTW]* .* \(.*\)$/  {"\1", (void *) \&\1},/p'\'''
lt_cv_sys_global_symbol_to_c_name_address_lib_prefix='sed -n -e '\''s/^: \(.*\) .*$/  {"\1", (void *) 0},/p'\'' -e '\''s/^[ABCDGIRSTW][ABCDGIRSTW]* .* \(lib.*\)$/  {"\1", (void *) \&\1},/p'\'' -e '\''s/^[ABCDGIRSTW][ABCDGIRSTW]* .* \(.*\)$/  {"lib\1", (void *) \&\1},/p'\'''
lt_cv_sys_global_symbol_to_cdecl='sed -n -e '\''s/^T .* \(.*\)$/extern int \1();/p'\'' -e '\''s/^[ABCDGIRSTW][ABCDGIRSTW]* .* \(.*\)$/extern char \1;/p'\'''
lt_cv_sys_global_symbol_to_import=
lt_cv_sys_max_cmd_len=1572864
lt_cv_to_host_file_cmd=func_convert_file_noop
lt_cv_to_tool_file_cmd=func_convert_file_noop
lt_cv_truncate_bin='/bin/dd bs=4096 count=1'

## ----------------- ##
## Output variables. ##
## ----------------- ##

ACLOCAL='${SHELL} /home/dgauraang/Downloads/pebbles/pebblesdb/src/missing aclocal-1.15'
AMDEPBACKSLASH='\'
AMDEP_FALSE='#'
AMDEP_TRUE=''
AMTAR='$${TAR-tar}'
AM_BACKSLASH='\'
AM_DEFAULT_V='$(AM_DEFAULT_VERBOSITY)'
AM_DEFAULT_VERBOSITY='0'
AM_V='$(V)'
AR='ar'
AUTOCONF='${SHELL} /home/dgauraang/Downloads/pebbles/pebblesdb/src/missing autoconf'
AUTOHEADER='${SHELL} /home/dgauraang/Downloads/pebbles/pebblesdb/src/missing autoheader'
AUTOMAKE='${SHELL} /home/dgauraang/Downloads/pebbles/pebblesdb/src/missing automake-1.15'
AWK='mawk'
CC='gcc'
CCDEPMODE='depmode=gcc3'
CFLAGS='-g -O2'
CPP='gcc -E'
CPPFLAGS=''
CXX='g++'
CXXCPP='g++ -E'
CXXDEPMODE='depmode=gcc3'
CXXFLAGS='-g -O2'
CYGPATH_W='echo'
DEFS='-DHAVE_CONFIG_H'
DEPDIR='.deps'
DLLTOOL='false'
DSYMUTIL=''
DUMPBIN=''
ECHO_C=''
ECHO_N='-n'
ECHO_T=''
EGREP='/bin/grep -E'
EXEEXT=''
EXTRA_CFLAGS='-fno-builtin-memcmp -fno-builtin-memcmp'
FGREP='/bin/grep -F'
GREP='/bin/grep'
INSTALL_DATA='${INSTALL} -m 644'
INSTALL_PROGRAM='${INSTALL}'
INSTALL_SCRIPT='${INSTALL}'
INSTALL_STRIP_PROGRAM='$(install_sh) -c -s'
LD='/usr/bin/ld -m elf_x86_64'
LDFLAGS=''
LIBOBJS=''
LIBS=''
LIBTOOL='$(SHELL) $(top_builddir)/libtool'
LIPO=''
LN_S='ln -s'
LTLIBOBJS=''
LT_SYS_LIBRARY_PATH=''
MAKEINFO='${SHELL} /home/dgauraang/Downloads/pebbles/pebblesdb/src/missing makeinfo'
MANIFEST_TOOL=':'
MKDIR_P='/bin/mkdir -p'
NM='/usr/bin/nm -B'
NMEDIT=''
OBJDUMP='objdump'
OBJEXT='o'
OTOOL64=''
OTOOL=''
PACKAGE='pebblesdb'
PACKAGE_BUGREPORT='vijay@cs.utexas.edu'
PACKAGE_NAME='pebblesdb'
PACKAGE_STRING='pebblesdb 1.0.dev'
PACKAGE_TARNAME='pebblesdb'
PACKAGE_URL=''
PACKAGE_VERSION='1.0.dev'
PATH_SEPARATOR=':'
RANLIB='ranlib'
SED='/bin/sed'
SET_MAKE=''
SHELL='/bin/bash'
SNAPPY_FLAGS='-DSNAPPY'
SNAPPY_LIBS='-lsnappy'
STRIP='strip'
VERSION='1.0.dev'
WANAL_CFLAGS=' '
WANAL_CXXFLAGS=' '
ac_ct_AR='ar'
ac_ct_CC='gcc'
ac_ct_CXX='g++'
ac_ct_DUMPBIN=''
am__EXEEXT_FALSE=''
am__EXEEXT_TRUE='#'
am__fastdepCC_FALSE='#'
am__fastdepCC_TRUE=''
am__fastdepCXX_FALSE='#'
am__fastdepCXX_TRUE=''
am__include='include'
am__isrc=''
am__leading_dot='.'
am__nodep='_no'
am__quote=''
am__tar='$${TAR-tar} chof - "$$tardir"'
am__untar='$${TAR-tar} xf -'
bindir='${exec_prefix}/bin'
build='x86_64-pc-linux-gnu'
build_alias=''
build_cpu='x86_64'
build_os='linux-gnu'
build_vendor='pc'
datadir='${datarootdir}'
datarootdir='${prefix}/share'
docdir='${datarootdir}/doc/${PACKAGE_TARNAME}'
dvidir='${docdir}'
exec_prefix='${prefix}'
host='x86_64-pc-linux-gnu'
host_alias=''
host_cpu='x86_64'
host_os='linux-gnu'
host_vendor='pc'
htmldir='${docdir}'
includedir='${prefix}/include'
infodir='${datarootdir}/info'
install_sh='${SHELL} /home/dgauraang/Downloads/pebbles/pebblesdb/src/install-sh'
libdir='${exec_prefix}/lib'
libexecdir='${exec_prefix}/libexec'
localedir='${datarootdir}/locale'
localstatedir='${prefix}/var'
mandir='${datarootdir}/man'
mkdir_p='$(MKDIR_P)'
oldincludedir='/usr/include'
pdfdir='${docdir}'
prefix='/usr/local'
program_transform_name='s,x,x,'
psdir='${docdir}'
runstatedir='${localstatedir}/run'
sbindir='${exec_prefix}/sbin'
sharedstatedir='${prefix}/com'
sysconfdir='${prefix}/etc'
target_alias=''

## ----------- ##
## confdefs.h. ##
## ----------- ##

/* confdefs.h */
#define PACKAGE_NAME "pebblesdb"
#define PACKAGE_TARNAME "pebblesdb"
#define PACKAGE_VERSION "1.0.dev"
#define PACKAGE_STRING "pebblesdb 1.0.dev"
#define PACKAGE_BUGREPORT "vijay@cs.utexas.edu"
#define PACKAGE_URL ""
#define PACKAGE "pebblesdb"
#define VERSION "1.0.dev"
#define STDC_HEADERS 1
#define HAVE_SYS_TYPES_H 1
#define HAVE_SYS_STAT_H 1
#define HAVE_STDLIB_H 1
#define HAVE_STRING_H 1
#define HAVE_MEMORY_H 1
#define HAVE_STRINGS_H 1
#define HAVE_INTTYPES_H 1
#define HAVE_STDINT_H 1
#define HAVE_UNISTD_H 1
#define HAVE_DLFCN_H 1
#define LT_OBJDIR ".libs/"
#define HAVE_ENDIAN_H 1
#define HAVE_SYS_TYPES_H 1
#define HAVE_STDLIB_H 1
#define HAVE_UNISTD_H 1
#define HAVE_SYS_PARAM_H 1
#define HAVE_GETPAGESIZE 1
#define HAVE_MMAP 1
#define HAVE_ALARM 1
#define HAVE_CLOCK_GETTIME 1
#define HAVE_FTRUNCATE 1
#define HAVE_FSYNC 1
#define HAVE_FREAD 1
#define HAVE_FREAD_UNLOCKED 1
#define HAVE_FWRITE 1
#define HAVE_FWRITE_UNLOCKED 1
#define HAVE_FFLUSH 1
#define HAVE_FFLUSH_UNLOCKED 1
#define HAVE_MEMMOVE 1
#define HAVE_MKDIR 1
#define HAVE_MUNMAP 1
#define HAVE_RMDIR 1
#define HAVE_SOCKET 1
#define HAVE_DECL_FDATASYNC 1

configure: exit 0
